  LabS_12.cpp
D:\Копачи\LabS_12\LabS_12\2.h(9,30): warning C4267: аргумент: преобразование из "size_t" в "const int"; возможна потеря данных
  (компиляция исходного файла "LabS_12.cpp")
  
D:\Копачи\LabS_12\LabS_12\List.h(8,31): warning C4267: =: преобразование из "size_t" в "int"; возможна потеря данных
  (компиляция исходного файла "LabS_12.cpp")
      D:\Копачи\LabS_12\LabS_12\List.h(8,31):
      контекст создания экземпляра шаблона (сначала самый старый)
          D:\Копачи\LabS_12\LabS_12\3.h(7,13):
          выполняется компиляция ссылки на экземпляр класс шаблон функции "List<Pair>"
          D:\Копачи\LabS_12\LabS_12\List.h(8,5):
          во время компиляции функции-члена класс шаблон "List<Pair>::List(void)"
              D:\Копачи\LabS_12\LabS_12\3.h(7,13):
              см. первую ссылку на List<Pair>::List "number3"
  
D:\Копачи\LabS_12\LabS_12\List.h(46,33): warning C4267: аргумент: преобразование из "size_t" в "const int"; возможна потеря данных
  (компиляция исходного файла "LabS_12.cpp")
      D:\Копачи\LabS_12\LabS_12\List.h(46,33):
      контекст создания экземпляра шаблона (сначала самый старый)
          D:\Копачи\LabS_12\LabS_12\List.h(42,1):
          во время компиляции функции-члена класс шаблон "void List<Pair>::plus_mid(void)"
              D:\Копачи\LabS_12\LabS_12\3.h(15,15):
              см. первую ссылку на List<Pair>::plus_mid "number3"
  
D:\Копачи\LabS_12\LabS_12\List.h(59,22): warning C4267: =: преобразование из "size_t" в "int"; возможна потеря данных
  (компиляция исходного файла "LabS_12.cpp")
      D:\Копачи\LabS_12\LabS_12\List.h(59,22):
      контекст создания экземпляра шаблона (сначала самый старый)
          D:\Копачи\LabS_12\LabS_12\List.h(52,1):
          во время компиляции функции-члена класс шаблон "void List<Pair>::searchAndDel(void)"
              D:\Копачи\LabS_12\LabS_12\3.h(19,19):
              см. первую ссылку на List<Pair>::searchAndDel "number3"
  
  LabS_12.vcxproj -> D:\Копачи\LabS_12\x64\Debug\LabS_12.exe
